{"meta": {"format": 3, "version": "7.13.4", "timestamp": "2026-03-14T21:40:23.636918", "branch_coverage": false, "show_contexts": false}, "files": {"basket_assistant/core/configuration/initialization.py": {"executed_lines": [3, 5, 6, 7, 8, 9, 10, 12, 13, 18, 21, 28, 34, 37, 42, 43, 45, 64, 65, 66, 67, 70, 72, 74, 75, 82, 83, 85, 87, 89, 90, 100, 102, 104, 106, 125, 128, 129, 130, 132, 133, 134, 135, 136, 137, 139, 142, 143, 144, 146, 154, 156], "summary": {"covered_lines": 52, "num_statements": 70, "percent_covered": 74.28571428571429, "percent_covered_display": "74", "missing_lines": 18, "excluded_lines": 2, "percent_statements_covered": 74.28571428571429, "percent_statements_covered_display": "74"}, "missing_lines": [78, 79, 93, 94, 95, 96, 97, 98, 109, 110, 111, 113, 120, 121, 122, 123, 160, 161], "excluded_lines": [15, 16], "functions": {"ConfigInitializer.__init__": {"executed_lines": [42, 43], "summary": {"covered_lines": 2, "num_statements": 2, "percent_covered": 100.0, "percent_covered_display": "100", "missing_lines": 0, "excluded_lines": 0, "percent_statements_covered": 100.0, "percent_statements_covered_display": "100"}, "missing_lines": [], "excluded_lines": [], "start_line": 37}, "ConfigInitializer.run": {"executed_lines": [64, 65, 66, 67, 70, 72, 74, 75, 82, 83, 85], "summary": {"covered_lines": 11, "num_statements": 13, "percent_covered": 84.61538461538461, "percent_covered_display": "85", "missing_lines": 2, "excluded_lines": 0, "percent_statements_covered": 84.61538461538461, "percent_statements_covered_display": "85"}, "missing_lines": [78, 79], "excluded_lines": [], "start_line": 45}, "ConfigInitializer._use_interactive_mode": {"executed_lines": [89, 90], "summary": {"covered_lines": 2, "num_statements": 8, "percent_covered": 25.0, "percent_covered_display": "25", "missing_lines": 6, "excluded_lines": 0, "percent_statements_covered": 25.0, "percent_statements_covered_display": "25"}, "missing_lines": [93, 94, 95, 96, 97, 98], "excluded_lines": [], "start_line": 87}, "ConfigInitializer._confirm_overwrite": {"executed_lines": [102, 104, 106], "summary": {"covered_lines": 3, "num_statements": 11, "percent_covered": 27.272727272727273, "percent_covered_display": "27", "missing_lines": 8, "excluded_lines": 0, "percent_statements_covered": 27.272727272727273, "percent_statements_covered_display": "27"}, "missing_lines": [109, 110, 111, 113, 120, 121, 122, 123], "excluded_lines": [], "start_line": 100}, "ConfigInitializer._create_from_environment": {"executed_lines": [128, 129, 130, 132, 133, 134, 135, 136, 137, 139, 142, 143, 144, 146, 154], "summary": {"covered_lines": 15, "num_statements": 15, "percent_covered": 100.0, "percent_covered_display": "100", "missing_lines": 0, "excluded_lines": 0, "percent_statements_covered": 100.0, "percent_statements_covered_display": "100"}, "missing_lines": [], "excluded_lines": [], "start_line": 125}, "ConfigInitializer._run_interactive_wizard": {"executed_lines": [], "summary": {"covered_lines": 0, "num_statements": 2, "percent_covered": 0.0, "percent_covered_display": "0", "missing_lines": 2, "excluded_lines": 0, "percent_statements_covered": 0.0, "percent_statements_covered_display": "0"}, "missing_lines": [160, 161], "excluded_lines": [], "start_line": 156}, "": {"executed_lines": [3, 5, 6, 7, 8, 9, 10, 12, 13, 18, 21, 28, 34, 37, 45, 87, 100, 125, 156], "summary": {"covered_lines": 19, "num_statements": 19, "percent_covered": 100.0, "percent_covered_display": "100", "missing_lines": 0, "excluded_lines": 2, "percent_statements_covered": 100.0, "percent_statements_covered_display": "100"}, "missing_lines": [], "excluded_lines": [15, 16], "start_line": 1}}, "classes": {"ConfigInitializer": {"executed_lines": [42, 43, 64, 65, 66, 67, 70, 72, 74, 75, 82, 83, 85, 89, 90, 102, 104, 106, 128, 129, 130, 132, 133, 134, 135, 136, 137, 139, 142, 143, 144, 146, 154], "summary": {"covered_lines": 33, "num_statements": 51, "percent_covered": 64.70588235294117, "percent_covered_display": "65", "missing_lines": 18, "excluded_lines": 0, "percent_statements_covered": 64.70588235294117, "percent_statements_covered_display": "65"}, "missing_lines": [78, 79, 93, 94, 95, 96, 97, 98, 109, 110, 111, 113, 120, 121, 122, 123, 160, 161], "excluded_lines": [], "start_line": 34}, "": {"executed_lines": [3, 5, 6, 7, 8, 9, 10, 12, 13, 18, 21, 28, 34, 37, 45, 87, 100, 125, 156], "summary": {"covered_lines": 19, "num_statements": 19, "percent_covered": 100.0, "percent_covered_display": "100", "missing_lines": 0, "excluded_lines": 2, "percent_statements_covered": 100.0, "percent_statements_covered_display": "100"}, "missing_lines": [], "excluded_lines": [15, 16], "start_line": 1}}}}, "totals": {"covered_lines": 52, "num_statements": 70, "percent_covered": 74.28571428571429, "percent_covered_display": "74", "missing_lines": 18, "excluded_lines": 2, "percent_statements_covered": 74.28571428571429, "percent_statements_covered_display": "74"}}